<?xml version="1.0" encoding="UTF-8"?>
<testsuite xmlns:xsi="http://www.w3.org/2001/XMLSchema-instance" xsi:noNamespaceSchemaLocation="https://maven.apache.org/surefire/maven-surefire-plugin/xsd/surefire-test-report.xsd" name="com.aws_assignment_1.AwsAssignment1ApplicationTests" time="2.916" tests="1" errors="0" skipped="0" failures="0">
  <properties>
    <property name="gopherProxySet" value="false"/>
    <property name="awt.toolkit" value="sun.lwawt.macosx.LWCToolkit"/>
    <property name="java.specification.version" value="11"/>
    <property name="sun.cpu.isalist" value=""/>
    <property name="sun.jnu.encoding" value="UTF-8"/>
    <property name="java.class.path" value="/Users/ahsanali/Desktop/AWS_Assignment_1/target/test-classes:/Users/ahsanali/Desktop/AWS_Assignment_1/target/classes:/Users/ahsanali/.m2/repository/org/springframework/boot/spring-boot-starter-web/2.6.6/spring-boot-starter-web-2.6.6.jar:/Users/ahsanali/.m2/repository/org/springframework/boot/spring-boot-starter/2.6.6/spring-boot-starter-2.6.6.jar:/Users/ahsanali/.m2/repository/org/springframework/boot/spring-boot-starter-logging/2.6.6/spring-boot-starter-logging-2.6.6.jar:/Users/ahsanali/.m2/repository/ch/qos/logback/logback-classic/1.2.11/logback-classic-1.2.11.jar:/Users/ahsanali/.m2/repository/ch/qos/logback/logback-core/1.2.11/logback-core-1.2.11.jar:/Users/ahsanali/.m2/repository/org/apache/logging/log4j/log4j-to-slf4j/2.17.2/log4j-to-slf4j-2.17.2.jar:/Users/ahsanali/.m2/repository/org/apache/logging/log4j/log4j-api/2.17.2/log4j-api-2.17.2.jar:/Users/ahsanali/.m2/repository/org/slf4j/jul-to-slf4j/1.7.36/jul-to-slf4j-1.7.36.jar:/Users/ahsanali/.m2/repository/jakarta/annotation/jakarta.annotation-api/1.3.5/jakarta.annotation-api-1.3.5.jar:/Users/ahsanali/.m2/repository/org/yaml/snakeyaml/1.29/snakeyaml-1.29.jar:/Users/ahsanali/.m2/repository/org/springframework/boot/spring-boot-starter-json/2.6.6/spring-boot-starter-json-2.6.6.jar:/Users/ahsanali/.m2/repository/com/fasterxml/jackson/core/jackson-databind/2.13.2.2/jackson-databind-2.13.2.2.jar:/Users/ahsanali/.m2/repository/com/fasterxml/jackson/datatype/jackson-datatype-jdk8/2.13.2/jackson-datatype-jdk8-2.13.2.jar:/Users/ahsanali/.m2/repository/com/fasterxml/jackson/datatype/jackson-datatype-jsr310/2.13.2/jackson-datatype-jsr310-2.13.2.jar:/Users/ahsanali/.m2/repository/com/fasterxml/jackson/module/jackson-module-parameter-names/2.13.2/jackson-module-parameter-names-2.13.2.jar:/Users/ahsanali/.m2/repository/org/springframework/boot/spring-boot-starter-tomcat/2.6.6/spring-boot-starter-tomcat-2.6.6.jar:/Users/ahsanali/.m2/repository/org/apache/tomcat/embed/tomcat-embed-websocket/9.0.60/tomcat-embed-websocket-9.0.60.jar:/Users/ahsanali/.m2/repository/org/springframework/spring-web/5.3.18/spring-web-5.3.18.jar:/Users/ahsanali/.m2/repository/org/springframework/spring-beans/5.3.18/spring-beans-5.3.18.jar:/Users/ahsanali/.m2/repository/org/springframework/spring-webmvc/5.3.18/spring-webmvc-5.3.18.jar:/Users/ahsanali/.m2/repository/org/springframework/spring-aop/5.3.18/spring-aop-5.3.18.jar:/Users/ahsanali/.m2/repository/org/springframework/spring-context/5.3.18/spring-context-5.3.18.jar:/Users/ahsanali/.m2/repository/org/springframework/spring-expression/5.3.18/spring-expression-5.3.18.jar:/Users/ahsanali/.m2/repository/javax/servlet/jstl/1.2/jstl-1.2.jar:/Users/ahsanali/.m2/repository/org/webjars/bootstrap/3.3.6/bootstrap-3.3.6.jar:/Users/ahsanali/.m2/repository/org/webjars/jquery/3.6.0/jquery-3.6.0.jar:/Users/ahsanali/.m2/repository/org/apache/tomcat/embed/tomcat-embed-jasper/9.0.60/tomcat-embed-jasper-9.0.60.jar:/Users/ahsanali/.m2/repository/org/apache/tomcat/embed/tomcat-embed-core/9.0.60/tomcat-embed-core-9.0.60.jar:/Users/ahsanali/.m2/repository/org/apache/tomcat/tomcat-annotations-api/9.0.60/tomcat-annotations-api-9.0.60.jar:/Users/ahsanali/.m2/repository/org/apache/tomcat/embed/tomcat-embed-el/9.0.60/tomcat-embed-el-9.0.60.jar:/Users/ahsanali/.m2/repository/org/eclipse/jdt/ecj/3.18.0/ecj-3.18.0.jar:/Users/ahsanali/.m2/repository/org/springframework/boot/spring-boot-devtools/2.6.6/spring-boot-devtools-2.6.6.jar:/Users/ahsanali/.m2/repository/org/springframework/boot/spring-boot/2.6.6/spring-boot-2.6.6.jar:/Users/ahsanali/.m2/repository/org/springframework/boot/spring-boot-autoconfigure/2.6.6/spring-boot-autoconfigure-2.6.6.jar:/Users/ahsanali/.m2/repository/org/springframework/boot/spring-boot-starter-webflux/2.6.6/spring-boot-starter-webflux-2.6.6.jar:/Users/ahsanali/.m2/repository/org/springframework/boot/spring-boot-starter-reactor-netty/2.6.6/spring-boot-starter-reactor-netty-2.6.6.jar:/Users/ahsanali/.m2/repository/io/projectreactor/netty/reactor-netty-http/1.0.17/reactor-netty-http-1.0.17.jar:/Users/ahsanali/.m2/repository/io/netty/netty-codec-http/4.1.75.Final/netty-codec-http-4.1.75.Final.jar:/Users/ahsanali/.m2/repository/io/netty/netty-common/4.1.75.Final/netty-common-4.1.75.Final.jar:/Users/ahsanali/.m2/repository/io/netty/netty-buffer/4.1.75.Final/netty-buffer-4.1.75.Final.jar:/Users/ahsanali/.m2/repository/io/netty/netty-transport/4.1.75.Final/netty-transport-4.1.75.Final.jar:/Users/ahsanali/.m2/repository/io/netty/netty-codec/4.1.75.Final/netty-codec-4.1.75.Final.jar:/Users/ahsanali/.m2/repository/io/netty/netty-handler/4.1.75.Final/netty-handler-4.1.75.Final.jar:/Users/ahsanali/.m2/repository/io/netty/netty-codec-http2/4.1.75.Final/netty-codec-http2-4.1.75.Final.jar:/Users/ahsanali/.m2/repository/io/netty/netty-resolver-dns/4.1.75.Final/netty-resolver-dns-4.1.75.Final.jar:/Users/ahsanali/.m2/repository/io/netty/netty-resolver/4.1.75.Final/netty-resolver-4.1.75.Final.jar:/Users/ahsanali/.m2/repository/io/netty/netty-codec-dns/4.1.75.Final/netty-codec-dns-4.1.75.Final.jar:/Users/ahsanali/.m2/repository/io/netty/netty-resolver-dns-native-macos/4.1.75.Final/netty-resolver-dns-native-macos-4.1.75.Final-osx-x86_64.jar:/Users/ahsanali/.m2/repository/io/netty/netty-resolver-dns-classes-macos/4.1.75.Final/netty-resolver-dns-classes-macos-4.1.75.Final.jar:/Users/ahsanali/.m2/repository/io/netty/netty-transport-native-epoll/4.1.75.Final/netty-transport-native-epoll-4.1.75.Final-linux-x86_64.jar:/Users/ahsanali/.m2/repository/io/netty/netty-transport-native-unix-common/4.1.75.Final/netty-transport-native-unix-common-4.1.75.Final.jar:/Users/ahsanali/.m2/repository/io/netty/netty-transport-classes-epoll/4.1.75.Final/netty-transport-classes-epoll-4.1.75.Final.jar:/Users/ahsanali/.m2/repository/io/projectreactor/netty/reactor-netty-core/1.0.17/reactor-netty-core-1.0.17.jar:/Users/ahsanali/.m2/repository/io/netty/netty-handler-proxy/4.1.75.Final/netty-handler-proxy-4.1.75.Final.jar:/Users/ahsanali/.m2/repository/io/netty/netty-codec-socks/4.1.75.Final/netty-codec-socks-4.1.75.Final.jar:/Users/ahsanali/.m2/repository/org/springframework/spring-webflux/5.3.18/spring-webflux-5.3.18.jar:/Users/ahsanali/.m2/repository/io/projectreactor/reactor-core/3.4.16/reactor-core-3.4.16.jar:/Users/ahsanali/.m2/repository/org/reactivestreams/reactive-streams/1.0.3/reactive-streams-1.0.3.jar:/Users/ahsanali/.m2/repository/org/springframework/boot/spring-boot-starter-test/2.6.6/spring-boot-starter-test-2.6.6.jar:/Users/ahsanali/.m2/repository/org/springframework/boot/spring-boot-test/2.6.6/spring-boot-test-2.6.6.jar:/Users/ahsanali/.m2/repository/org/springframework/boot/spring-boot-test-autoconfigure/2.6.6/spring-boot-test-autoconfigure-2.6.6.jar:/Users/ahsanali/.m2/repository/com/jayway/jsonpath/json-path/2.6.0/json-path-2.6.0.jar:/Users/ahsanali/.m2/repository/net/minidev/json-smart/2.4.8/json-smart-2.4.8.jar:/Users/ahsanali/.m2/repository/net/minidev/accessors-smart/2.4.8/accessors-smart-2.4.8.jar:/Users/ahsanali/.m2/repository/org/ow2/asm/asm/9.1/asm-9.1.jar:/Users/ahsanali/.m2/repository/org/slf4j/slf4j-api/1.7.36/slf4j-api-1.7.36.jar:/Users/ahsanali/.m2/repository/jakarta/xml/bind/jakarta.xml.bind-api/2.3.3/jakarta.xml.bind-api-2.3.3.jar:/Users/ahsanali/.m2/repository/jakarta/activation/jakarta.activation-api/1.2.2/jakarta.activation-api-1.2.2.jar:/Users/ahsanali/.m2/repository/org/assertj/assertj-core/3.21.0/assertj-core-3.21.0.jar:/Users/ahsanali/.m2/repository/org/hamcrest/hamcrest/2.2/hamcrest-2.2.jar:/Users/ahsanali/.m2/repository/org/junit/jupiter/junit-jupiter/5.8.2/junit-jupiter-5.8.2.jar:/Users/ahsanali/.m2/repository/org/junit/jupiter/junit-jupiter-api/5.8.2/junit-jupiter-api-5.8.2.jar:/Users/ahsanali/.m2/repository/org/opentest4j/opentest4j/1.2.0/opentest4j-1.2.0.jar:/Users/ahsanali/.m2/repository/org/junit/platform/junit-platform-commons/1.8.2/junit-platform-commons-1.8.2.jar:/Users/ahsanali/.m2/repository/org/apiguardian/apiguardian-api/1.1.2/apiguardian-api-1.1.2.jar:/Users/ahsanali/.m2/repository/org/junit/jupiter/junit-jupiter-params/5.8.2/junit-jupiter-params-5.8.2.jar:/Users/ahsanali/.m2/repository/org/junit/jupiter/junit-jupiter-engine/5.8.2/junit-jupiter-engine-5.8.2.jar:/Users/ahsanali/.m2/repository/org/junit/platform/junit-platform-engine/1.8.2/junit-platform-engine-1.8.2.jar:/Users/ahsanali/.m2/repository/org/mockito/mockito-core/4.0.0/mockito-core-4.0.0.jar:/Users/ahsanali/.m2/repository/net/bytebuddy/byte-buddy/1.11.22/byte-buddy-1.11.22.jar:/Users/ahsanali/.m2/repository/net/bytebuddy/byte-buddy-agent/1.11.22/byte-buddy-agent-1.11.22.jar:/Users/ahsanali/.m2/repository/org/objenesis/objenesis/3.2/objenesis-3.2.jar:/Users/ahsanali/.m2/repository/org/mockito/mockito-junit-jupiter/4.0.0/mockito-junit-jupiter-4.0.0.jar:/Users/ahsanali/.m2/repository/org/skyscreamer/jsonassert/1.5.0/jsonassert-1.5.0.jar:/Users/ahsanali/.m2/repository/com/vaadin/external/google/android-json/0.0.20131108.vaadin1/android-json-0.0.20131108.vaadin1.jar:/Users/ahsanali/.m2/repository/org/springframework/spring-core/5.3.18/spring-core-5.3.18.jar:/Users/ahsanali/.m2/repository/org/springframework/spring-jcl/5.3.18/spring-jcl-5.3.18.jar:/Users/ahsanali/.m2/repository/org/springframework/spring-test/5.3.18/spring-test-5.3.18.jar:/Users/ahsanali/.m2/repository/org/xmlunit/xmlunit-core/2.8.4/xmlunit-core-2.8.4.jar:/Users/ahsanali/.m2/repository/org/springframework/cloud/spring-cloud-function-adapter-aws/3.1.2/spring-cloud-function-adapter-aws-3.1.2.jar:/Users/ahsanali/.m2/repository/org/springframework/cloud/spring-cloud-function-context/3.1.2/spring-cloud-function-context-3.1.2.jar:/Users/ahsanali/.m2/repository/net/jodah/typetools/0.6.2/typetools-0.6.2.jar:/Users/ahsanali/.m2/repository/org/springframework/cloud/spring-cloud-function-core/3.1.2/spring-cloud-function-core-3.1.2.jar:/Users/ahsanali/.m2/repository/org/springframework/spring-messaging/5.3.18/spring-messaging-5.3.18.jar:/Users/ahsanali/.m2/repository/com/fasterxml/jackson/datatype/jackson-datatype-joda/2.13.2/jackson-datatype-joda-2.13.2.jar:/Users/ahsanali/.m2/repository/com/fasterxml/jackson/core/jackson-annotations/2.13.2/jackson-annotations-2.13.2.jar:/Users/ahsanali/.m2/repository/com/fasterxml/jackson/core/jackson-core/2.13.2/jackson-core-2.13.2.jar:/Users/ahsanali/.m2/repository/javax/annotation/javax.annotation-api/1.3.2/javax.annotation-api-1.3.2.jar:/Users/ahsanali/.m2/repository/com/amazonaws/aws-lambda-java-events/2.0.2/aws-lambda-java-events-2.0.2.jar:/Users/ahsanali/.m2/repository/joda-time/joda-time/2.6/joda-time-2.6.jar:/Users/ahsanali/.m2/repository/com/amazonaws/aws-lambda-java-core/1.1.0/aws-lambda-java-core-1.1.0.jar:/Users/ahsanali/.m2/repository/com/amazonaws/aws-java-sdk-dynamodb/1.11.163/aws-java-sdk-dynamodb-1.11.163.jar:/Users/ahsanali/.m2/repository/com/amazonaws/aws-java-sdk-s3/1.11.163/aws-java-sdk-s3-1.11.163.jar:/Users/ahsanali/.m2/repository/com/amazonaws/aws-java-sdk-kms/1.11.163/aws-java-sdk-kms-1.11.163.jar:/Users/ahsanali/.m2/repository/com/amazonaws/aws-java-sdk-core/1.11.163/aws-java-sdk-core-1.11.163.jar:/Users/ahsanali/.m2/repository/commons-logging/commons-logging/1.1.3/commons-logging-1.1.3.jar:/Users/ahsanali/.m2/repository/org/apache/httpcomponents/httpclient/4.5.13/httpclient-4.5.13.jar:/Users/ahsanali/.m2/repository/org/apache/httpcomponents/httpcore/4.4.15/httpcore-4.4.15.jar:/Users/ahsanali/.m2/repository/commons-codec/commons-codec/1.15/commons-codec-1.15.jar:/Users/ahsanali/.m2/repository/software/amazon/ion/ion-java/1.0.2/ion-java-1.0.2.jar:/Users/ahsanali/.m2/repository/com/fasterxml/jackson/dataformat/jackson-dataformat-cbor/2.13.2/jackson-dataformat-cbor-2.13.2.jar:/Users/ahsanali/.m2/repository/com/amazonaws/jmespath-java/1.11.163/jmespath-java-1.11.163.jar:/Users/ahsanali/.m2/repository/org/json/json/20210307/json-20210307.jar:/Users/ahsanali/.m2/repository/javax/xml/bind/jaxb-api/2.3.1/jaxb-api-2.3.1.jar:/Users/ahsanali/.m2/repository/javax/activation/javax.activation-api/1.2.0/javax.activation-api-1.2.0.jar:"/>
    <property name="java.vm.vendor" value="BellSoft"/>
    <property name="sun.arch.data.model" value="64"/>
    <property name="java.vendor.url" value="https://bell-sw.com/"/>
    <property name="user.timezone" value=""/>
    <property name="java.vm.specification.version" value="11"/>
    <property name="os.name" value="Mac OS X"/>
    <property name="sun.java.launcher" value="SUN_STANDARD"/>
    <property name="user.country" value="AU"/>
    <property name="sun.boot.library.path" value="/Users/ahsanali/Library/Java/JavaVirtualMachines/liberica-11.0.16.1/lib"/>
    <property name="sun.java.command" value="/Users/ahsanali/Desktop/AWS_Assignment_1/target/surefire/surefirebooter13978477822444781750.jar /Users/ahsanali/Desktop/AWS_Assignment_1/target/surefire 2023-04-20T23-51-24_329-jvmRun1 surefire18297088733436047683tmp surefire_010559065122934567821tmp"/>
    <property name="http.nonProxyHosts" value="local|*.local|169.254/16|*.169.254/16"/>
    <property name="jdk.debug" value="release"/>
    <property name="surefire.test.class.path" value="/Users/ahsanali/Desktop/AWS_Assignment_1/target/test-classes:/Users/ahsanali/Desktop/AWS_Assignment_1/target/classes:/Users/ahsanali/.m2/repository/org/springframework/boot/spring-boot-starter-web/2.6.6/spring-boot-starter-web-2.6.6.jar:/Users/ahsanali/.m2/repository/org/springframework/boot/spring-boot-starter/2.6.6/spring-boot-starter-2.6.6.jar:/Users/ahsanali/.m2/repository/org/springframework/boot/spring-boot-starter-logging/2.6.6/spring-boot-starter-logging-2.6.6.jar:/Users/ahsanali/.m2/repository/ch/qos/logback/logback-classic/1.2.11/logback-classic-1.2.11.jar:/Users/ahsanali/.m2/repository/ch/qos/logback/logback-core/1.2.11/logback-core-1.2.11.jar:/Users/ahsanali/.m2/repository/org/apache/logging/log4j/log4j-to-slf4j/2.17.2/log4j-to-slf4j-2.17.2.jar:/Users/ahsanali/.m2/repository/org/apache/logging/log4j/log4j-api/2.17.2/log4j-api-2.17.2.jar:/Users/ahsanali/.m2/repository/org/slf4j/jul-to-slf4j/1.7.36/jul-to-slf4j-1.7.36.jar:/Users/ahsanali/.m2/repository/jakarta/annotation/jakarta.annotation-api/1.3.5/jakarta.annotation-api-1.3.5.jar:/Users/ahsanali/.m2/repository/org/yaml/snakeyaml/1.29/snakeyaml-1.29.jar:/Users/ahsanali/.m2/repository/org/springframework/boot/spring-boot-starter-json/2.6.6/spring-boot-starter-json-2.6.6.jar:/Users/ahsanali/.m2/repository/com/fasterxml/jackson/core/jackson-databind/2.13.2.2/jackson-databind-2.13.2.2.jar:/Users/ahsanali/.m2/repository/com/fasterxml/jackson/datatype/jackson-datatype-jdk8/2.13.2/jackson-datatype-jdk8-2.13.2.jar:/Users/ahsanali/.m2/repository/com/fasterxml/jackson/datatype/jackson-datatype-jsr310/2.13.2/jackson-datatype-jsr310-2.13.2.jar:/Users/ahsanali/.m2/repository/com/fasterxml/jackson/module/jackson-module-parameter-names/2.13.2/jackson-module-parameter-names-2.13.2.jar:/Users/ahsanali/.m2/repository/org/springframework/boot/spring-boot-starter-tomcat/2.6.6/spring-boot-starter-tomcat-2.6.6.jar:/Users/ahsanali/.m2/repository/org/apache/tomcat/embed/tomcat-embed-websocket/9.0.60/tomcat-embed-websocket-9.0.60.jar:/Users/ahsanali/.m2/repository/org/springframework/spring-web/5.3.18/spring-web-5.3.18.jar:/Users/ahsanali/.m2/repository/org/springframework/spring-beans/5.3.18/spring-beans-5.3.18.jar:/Users/ahsanali/.m2/repository/org/springframework/spring-webmvc/5.3.18/spring-webmvc-5.3.18.jar:/Users/ahsanali/.m2/repository/org/springframework/spring-aop/5.3.18/spring-aop-5.3.18.jar:/Users/ahsanali/.m2/repository/org/springframework/spring-context/5.3.18/spring-context-5.3.18.jar:/Users/ahsanali/.m2/repository/org/springframework/spring-expression/5.3.18/spring-expression-5.3.18.jar:/Users/ahsanali/.m2/repository/javax/servlet/jstl/1.2/jstl-1.2.jar:/Users/ahsanali/.m2/repository/org/webjars/bootstrap/3.3.6/bootstrap-3.3.6.jar:/Users/ahsanali/.m2/repository/org/webjars/jquery/3.6.0/jquery-3.6.0.jar:/Users/ahsanali/.m2/repository/org/apache/tomcat/embed/tomcat-embed-jasper/9.0.60/tomcat-embed-jasper-9.0.60.jar:/Users/ahsanali/.m2/repository/org/apache/tomcat/embed/tomcat-embed-core/9.0.60/tomcat-embed-core-9.0.60.jar:/Users/ahsanali/.m2/repository/org/apache/tomcat/tomcat-annotations-api/9.0.60/tomcat-annotations-api-9.0.60.jar:/Users/ahsanali/.m2/repository/org/apache/tomcat/embed/tomcat-embed-el/9.0.60/tomcat-embed-el-9.0.60.jar:/Users/ahsanali/.m2/repository/org/eclipse/jdt/ecj/3.18.0/ecj-3.18.0.jar:/Users/ahsanali/.m2/repository/org/springframework/boot/spring-boot-devtools/2.6.6/spring-boot-devtools-2.6.6.jar:/Users/ahsanali/.m2/repository/org/springframework/boot/spring-boot/2.6.6/spring-boot-2.6.6.jar:/Users/ahsanali/.m2/repository/org/springframework/boot/spring-boot-autoconfigure/2.6.6/spring-boot-autoconfigure-2.6.6.jar:/Users/ahsanali/.m2/repository/org/springframework/boot/spring-boot-starter-webflux/2.6.6/spring-boot-starter-webflux-2.6.6.jar:/Users/ahsanali/.m2/repository/org/springframework/boot/spring-boot-starter-reactor-netty/2.6.6/spring-boot-starter-reactor-netty-2.6.6.jar:/Users/ahsanali/.m2/repository/io/projectreactor/netty/reactor-netty-http/1.0.17/reactor-netty-http-1.0.17.jar:/Users/ahsanali/.m2/repository/io/netty/netty-codec-http/4.1.75.Final/netty-codec-http-4.1.75.Final.jar:/Users/ahsanali/.m2/repository/io/netty/netty-common/4.1.75.Final/netty-common-4.1.75.Final.jar:/Users/ahsanali/.m2/repository/io/netty/netty-buffer/4.1.75.Final/netty-buffer-4.1.75.Final.jar:/Users/ahsanali/.m2/repository/io/netty/netty-transport/4.1.75.Final/netty-transport-4.1.75.Final.jar:/Users/ahsanali/.m2/repository/io/netty/netty-codec/4.1.75.Final/netty-codec-4.1.75.Final.jar:/Users/ahsanali/.m2/repository/io/netty/netty-handler/4.1.75.Final/netty-handler-4.1.75.Final.jar:/Users/ahsanali/.m2/repository/io/netty/netty-codec-http2/4.1.75.Final/netty-codec-http2-4.1.75.Final.jar:/Users/ahsanali/.m2/repository/io/netty/netty-resolver-dns/4.1.75.Final/netty-resolver-dns-4.1.75.Final.jar:/Users/ahsanali/.m2/repository/io/netty/netty-resolver/4.1.75.Final/netty-resolver-4.1.75.Final.jar:/Users/ahsanali/.m2/repository/io/netty/netty-codec-dns/4.1.75.Final/netty-codec-dns-4.1.75.Final.jar:/Users/ahsanali/.m2/repository/io/netty/netty-resolver-dns-native-macos/4.1.75.Final/netty-resolver-dns-native-macos-4.1.75.Final-osx-x86_64.jar:/Users/ahsanali/.m2/repository/io/netty/netty-resolver-dns-classes-macos/4.1.75.Final/netty-resolver-dns-classes-macos-4.1.75.Final.jar:/Users/ahsanali/.m2/repository/io/netty/netty-transport-native-epoll/4.1.75.Final/netty-transport-native-epoll-4.1.75.Final-linux-x86_64.jar:/Users/ahsanali/.m2/repository/io/netty/netty-transport-native-unix-common/4.1.75.Final/netty-transport-native-unix-common-4.1.75.Final.jar:/Users/ahsanali/.m2/repository/io/netty/netty-transport-classes-epoll/4.1.75.Final/netty-transport-classes-epoll-4.1.75.Final.jar:/Users/ahsanali/.m2/repository/io/projectreactor/netty/reactor-netty-core/1.0.17/reactor-netty-core-1.0.17.jar:/Users/ahsanali/.m2/repository/io/netty/netty-handler-proxy/4.1.75.Final/netty-handler-proxy-4.1.75.Final.jar:/Users/ahsanali/.m2/repository/io/netty/netty-codec-socks/4.1.75.Final/netty-codec-socks-4.1.75.Final.jar:/Users/ahsanali/.m2/repository/org/springframework/spring-webflux/5.3.18/spring-webflux-5.3.18.jar:/Users/ahsanali/.m2/repository/io/projectreactor/reactor-core/3.4.16/reactor-core-3.4.16.jar:/Users/ahsanali/.m2/repository/org/reactivestreams/reactive-streams/1.0.3/reactive-streams-1.0.3.jar:/Users/ahsanali/.m2/repository/org/springframework/boot/spring-boot-starter-test/2.6.6/spring-boot-starter-test-2.6.6.jar:/Users/ahsanali/.m2/repository/org/springframework/boot/spring-boot-test/2.6.6/spring-boot-test-2.6.6.jar:/Users/ahsanali/.m2/repository/org/springframework/boot/spring-boot-test-autoconfigure/2.6.6/spring-boot-test-autoconfigure-2.6.6.jar:/Users/ahsanali/.m2/repository/com/jayway/jsonpath/json-path/2.6.0/json-path-2.6.0.jar:/Users/ahsanali/.m2/repository/net/minidev/json-smart/2.4.8/json-smart-2.4.8.jar:/Users/ahsanali/.m2/repository/net/minidev/accessors-smart/2.4.8/accessors-smart-2.4.8.jar:/Users/ahsanali/.m2/repository/org/ow2/asm/asm/9.1/asm-9.1.jar:/Users/ahsanali/.m2/repository/org/slf4j/slf4j-api/1.7.36/slf4j-api-1.7.36.jar:/Users/ahsanali/.m2/repository/jakarta/xml/bind/jakarta.xml.bind-api/2.3.3/jakarta.xml.bind-api-2.3.3.jar:/Users/ahsanali/.m2/repository/jakarta/activation/jakarta.activation-api/1.2.2/jakarta.activation-api-1.2.2.jar:/Users/ahsanali/.m2/repository/org/assertj/assertj-core/3.21.0/assertj-core-3.21.0.jar:/Users/ahsanali/.m2/repository/org/hamcrest/hamcrest/2.2/hamcrest-2.2.jar:/Users/ahsanali/.m2/repository/org/junit/jupiter/junit-jupiter/5.8.2/junit-jupiter-5.8.2.jar:/Users/ahsanali/.m2/repository/org/junit/jupiter/junit-jupiter-api/5.8.2/junit-jupiter-api-5.8.2.jar:/Users/ahsanali/.m2/repository/org/opentest4j/opentest4j/1.2.0/opentest4j-1.2.0.jar:/Users/ahsanali/.m2/repository/org/junit/platform/junit-platform-commons/1.8.2/junit-platform-commons-1.8.2.jar:/Users/ahsanali/.m2/repository/org/apiguardian/apiguardian-api/1.1.2/apiguardian-api-1.1.2.jar:/Users/ahsanali/.m2/repository/org/junit/jupiter/junit-jupiter-params/5.8.2/junit-jupiter-params-5.8.2.jar:/Users/ahsanali/.m2/repository/org/junit/jupiter/junit-jupiter-engine/5.8.2/junit-jupiter-engine-5.8.2.jar:/Users/ahsanali/.m2/repository/org/junit/platform/junit-platform-engine/1.8.2/junit-platform-engine-1.8.2.jar:/Users/ahsanali/.m2/repository/org/mockito/mockito-core/4.0.0/mockito-core-4.0.0.jar:/Users/ahsanali/.m2/repository/net/bytebuddy/byte-buddy/1.11.22/byte-buddy-1.11.22.jar:/Users/ahsanali/.m2/repository/net/bytebuddy/byte-buddy-agent/1.11.22/byte-buddy-agent-1.11.22.jar:/Users/ahsanali/.m2/repository/org/objenesis/objenesis/3.2/objenesis-3.2.jar:/Users/ahsanali/.m2/repository/org/mockito/mockito-junit-jupiter/4.0.0/mockito-junit-jupiter-4.0.0.jar:/Users/ahsanali/.m2/repository/org/skyscreamer/jsonassert/1.5.0/jsonassert-1.5.0.jar:/Users/ahsanali/.m2/repository/com/vaadin/external/google/android-json/0.0.20131108.vaadin1/android-json-0.0.20131108.vaadin1.jar:/Users/ahsanali/.m2/repository/org/springframework/spring-core/5.3.18/spring-core-5.3.18.jar:/Users/ahsanali/.m2/repository/org/springframework/spring-jcl/5.3.18/spring-jcl-5.3.18.jar:/Users/ahsanali/.m2/repository/org/springframework/spring-test/5.3.18/spring-test-5.3.18.jar:/Users/ahsanali/.m2/repository/org/xmlunit/xmlunit-core/2.8.4/xmlunit-core-2.8.4.jar:/Users/ahsanali/.m2/repository/org/springframework/cloud/spring-cloud-function-adapter-aws/3.1.2/spring-cloud-function-adapter-aws-3.1.2.jar:/Users/ahsanali/.m2/repository/org/springframework/cloud/spring-cloud-function-context/3.1.2/spring-cloud-function-context-3.1.2.jar:/Users/ahsanali/.m2/repository/net/jodah/typetools/0.6.2/typetools-0.6.2.jar:/Users/ahsanali/.m2/repository/org/springframework/cloud/spring-cloud-function-core/3.1.2/spring-cloud-function-core-3.1.2.jar:/Users/ahsanali/.m2/repository/org/springframework/spring-messaging/5.3.18/spring-messaging-5.3.18.jar:/Users/ahsanali/.m2/repository/com/fasterxml/jackson/datatype/jackson-datatype-joda/2.13.2/jackson-datatype-joda-2.13.2.jar:/Users/ahsanali/.m2/repository/com/fasterxml/jackson/core/jackson-annotations/2.13.2/jackson-annotations-2.13.2.jar:/Users/ahsanali/.m2/repository/com/fasterxml/jackson/core/jackson-core/2.13.2/jackson-core-2.13.2.jar:/Users/ahsanali/.m2/repository/javax/annotation/javax.annotation-api/1.3.2/javax.annotation-api-1.3.2.jar:/Users/ahsanali/.m2/repository/com/amazonaws/aws-lambda-java-events/2.0.2/aws-lambda-java-events-2.0.2.jar:/Users/ahsanali/.m2/repository/joda-time/joda-time/2.6/joda-time-2.6.jar:/Users/ahsanali/.m2/repository/com/amazonaws/aws-lambda-java-core/1.1.0/aws-lambda-java-core-1.1.0.jar:/Users/ahsanali/.m2/repository/com/amazonaws/aws-java-sdk-dynamodb/1.11.163/aws-java-sdk-dynamodb-1.11.163.jar:/Users/ahsanali/.m2/repository/com/amazonaws/aws-java-sdk-s3/1.11.163/aws-java-sdk-s3-1.11.163.jar:/Users/ahsanali/.m2/repository/com/amazonaws/aws-java-sdk-kms/1.11.163/aws-java-sdk-kms-1.11.163.jar:/Users/ahsanali/.m2/repository/com/amazonaws/aws-java-sdk-core/1.11.163/aws-java-sdk-core-1.11.163.jar:/Users/ahsanali/.m2/repository/commons-logging/commons-logging/1.1.3/commons-logging-1.1.3.jar:/Users/ahsanali/.m2/repository/org/apache/httpcomponents/httpclient/4.5.13/httpclient-4.5.13.jar:/Users/ahsanali/.m2/repository/org/apache/httpcomponents/httpcore/4.4.15/httpcore-4.4.15.jar:/Users/ahsanali/.m2/repository/commons-codec/commons-codec/1.15/commons-codec-1.15.jar:/Users/ahsanali/.m2/repository/software/amazon/ion/ion-java/1.0.2/ion-java-1.0.2.jar:/Users/ahsanali/.m2/repository/com/fasterxml/jackson/dataformat/jackson-dataformat-cbor/2.13.2/jackson-dataformat-cbor-2.13.2.jar:/Users/ahsanali/.m2/repository/com/amazonaws/jmespath-java/1.11.163/jmespath-java-1.11.163.jar:/Users/ahsanali/.m2/repository/org/json/json/20210307/json-20210307.jar:/Users/ahsanali/.m2/repository/javax/xml/bind/jaxb-api/2.3.1/jaxb-api-2.3.1.jar:/Users/ahsanali/.m2/repository/javax/activation/javax.activation-api/1.2.0/javax.activation-api-1.2.0.jar:"/>
    <property name="sun.cpu.endian" value="little"/>
    <property name="user.home" value="/Users/ahsanali"/>
    <property name="user.language" value="en"/>
    <property name="java.specification.vendor" value="Oracle Corporation"/>
    <property name="java.version.date" value="2022-08-12"/>
    <property name="java.home" value="/Users/ahsanali/Library/Java/JavaVirtualMachines/liberica-11.0.16.1"/>
    <property name="file.separator" value="/"/>
    <property name="basedir" value="/Users/ahsanali/Desktop/AWS_Assignment_1"/>
    <property name="java.vm.compressedOopsMode" value="Zero based"/>
    <property name="line.separator" value="&#10;"/>
    <property name="java.specification.name" value="Java Platform API Specification"/>
    <property name="java.vm.specification.vendor" value="Oracle Corporation"/>
    <property name="java.awt.graphicsenv" value="sun.awt.CGraphicsEnvironment"/>
    <property name="surefire.real.class.path" value="/Users/ahsanali/Desktop/AWS_Assignment_1/target/surefire/surefirebooter13978477822444781750.jar"/>
    <property name="sun.management.compiler" value="HotSpot 64-Bit Tiered Compilers"/>
    <property name="ftp.nonProxyHosts" value="local|*.local|169.254/16|*.169.254/16"/>
    <property name="java.runtime.version" value="11.0.16.1+1-LTS"/>
    <property name="user.name" value="ahsanali"/>
    <property name="path.separator" value=":"/>
    <property name="os.version" value="12.1"/>
    <property name="java.runtime.name" value="OpenJDK Runtime Environment"/>
    <property name="file.encoding" value="UTF-8"/>
    <property name="java.vm.name" value="OpenJDK 64-Bit Server VM"/>
    <property name="localRepository" value="/Users/ahsanali/.m2/repository"/>
    <property name="java.vendor.url.bug" value="https://bell-sw.com/support"/>
    <property name="java.io.tmpdir" value="/var/folders/pk/rcxgzvm10lj3z27w6plgc0y80000gn/T/"/>
    <property name="idea.version" value="2022.2"/>
    <property name="java.version" value="11.0.16.1"/>
    <property name="user.dir" value="/Users/ahsanali/Desktop/AWS_Assignment_1"/>
    <property name="os.arch" value="aarch64"/>
    <property name="java.vm.specification.name" value="Java Virtual Machine Specification"/>
    <property name="java.awt.printerjob" value="sun.lwawt.macosx.CPrinterJob"/>
    <property name="sun.os.patch.level" value="unknown"/>
    <property name="java.library.path" value="/Users/ahsanali/Library/Java/Extensions:/Library/Java/Extensions:/Network/Library/Java/Extensions:/System/Library/Java/Extensions:/usr/lib/java:."/>
    <property name="java.vm.info" value="mixed mode"/>
    <property name="java.vendor" value="BellSoft"/>
    <property name="java.vm.version" value="11.0.16.1+1-LTS"/>
    <property name="sun.io.unicode.encoding" value="UnicodeBig"/>
    <property name="java.class.version" value="55.0"/>
    <property name="socksNonProxyHosts" value="local|*.local|169.254/16|*.169.254/16"/>
  </properties>
  <testcase name="contextLoads" classname="com.aws_assignment_1.AwsAssignment1ApplicationTests" time="0.312"/>
</testsuite>